Using pre-set license
Built from '2021.3/staging' branch; Version is '2021.3.19f1 (c9714fde33b6) revision 13201743'; Using compiler version '192829333'; Build Type 'Release'
OS: 'Windows 10  (10.0.19044) 64bit Professional' Language: 'hu' Physical Memory: 8128 MB
BatchMode: 1, IsHumanControllingUs: 0, StartBugReporterOnCrash: 0, Is64bit: 1, IsPro: 1

COMMAND LINE ARGUMENTS:
D:\Unity Hub\2021.3.19f1\Editor\Unity.exe
-adb2
-batchMode
-noUpm
-name
AssetImportWorker1
-projectPath
D:/Szakdolgozat/Fox_Runner
-logFile
Logs/AssetImportWorker1.log
-srvPort
51021
Successfully changed project path to: D:/Szakdolgozat/Fox_Runner
D:/Szakdolgozat/Fox_Runner
[UnityMemory] Configuration Parameters - Can be set up in boot.config
    "memorysetup-bucket-allocator-granularity=16"
    "memorysetup-bucket-allocator-bucket-count=8"
    "memorysetup-bucket-allocator-block-size=33554432"
    "memorysetup-bucket-allocator-block-count=8"
    "memorysetup-main-allocator-block-size=16777216"
    "memorysetup-thread-allocator-block-size=16777216"
    "memorysetup-gfx-main-allocator-block-size=16777216"
    "memorysetup-gfx-thread-allocator-block-size=16777216"
    "memorysetup-cache-allocator-block-size=4194304"
    "memorysetup-typetree-allocator-block-size=2097152"
    "memorysetup-profiler-bucket-allocator-granularity=16"
    "memorysetup-profiler-bucket-allocator-bucket-count=8"
    "memorysetup-profiler-bucket-allocator-block-size=33554432"
    "memorysetup-profiler-bucket-allocator-block-count=8"
    "memorysetup-profiler-allocator-block-size=16777216"
    "memorysetup-profiler-editor-allocator-block-size=1048576"
    "memorysetup-temp-allocator-size-main=16777216"
    "memorysetup-job-temp-allocator-block-size=2097152"
    "memorysetup-job-temp-allocator-block-size-background=1048576"
    "memorysetup-job-temp-allocator-reduction-small-platforms=262144"
    "memorysetup-temp-allocator-size-background-worker=32768"
    "memorysetup-temp-allocator-size-job-worker=262144"
    "memorysetup-temp-allocator-size-preload-manager=33554432"
    "memorysetup-temp-allocator-size-nav-mesh-worker=65536"
    "memorysetup-temp-allocator-size-audio-worker=65536"
    "memorysetup-temp-allocator-size-cloud-worker=32768"
    "memorysetup-temp-allocator-size-gi-baking-worker=262144"
    "memorysetup-temp-allocator-size-gfx=262144"
Player connection [744] Host "[IP] 192.168.1.166 [Port] 0 [Flags] 2 [Guid] 2121763980 [EditorId] 2121763980 [Version] 1048832 [Id] WindowsEditor(7,DESKTOP-5KN8LDM) [Debug] 1 [PackageName] WindowsEditor [ProjectName] Editor" joined multi-casting on [225.0.0.222:54997]...

Player connection [744] Host "[IP] 192.168.1.166 [Port] 0 [Flags] 2 [Guid] 2121763980 [EditorId] 2121763980 [Version] 1048832 [Id] WindowsEditor(7,DESKTOP-5KN8LDM) [Debug] 1 [PackageName] WindowsEditor [ProjectName] Editor" joined alternative multi-casting on [225.0.0.222:34997]...

Refreshing native plugins compatible for Editor in 82.79 ms, found 3 plugins.
Preloading 0 native plugins for Editor in 0.00 ms.
Initialize engine version: 2021.3.19f1 (c9714fde33b6)
[Subsystems] Discovering subsystems at path D:/Unity Hub/2021.3.19f1/Editor/Data/Resources/UnitySubsystems
[Subsystems] Discovering subsystems at path D:/Szakdolgozat/Fox_Runner/Assets
GfxDevice: creating device client; threaded=0; jobified=0
Direct3D:
    Version:  Direct3D 11.0 [level 11.1]
    Renderer: NVIDIA GeForce GTX 1060 3GB (ID=0x1c02)
    Vendor:   NVIDIA
    VRAM:     2988 MB
    Driver:   31.0.15.1694
Initialize mono
Mono path[0] = 'D:/Unity Hub/2021.3.19f1/Editor/Data/Managed'
Mono path[1] = 'D:/Unity Hub/2021.3.19f1/Editor/Data/MonoBleedingEdge/lib/mono/unityjit-win32'
Mono config path = 'D:/Unity Hub/2021.3.19f1/Editor/Data/MonoBleedingEdge/etc'
Using monoOptions --debugger-agent=transport=dt_socket,embedding=1,server=y,suspend=n,address=127.0.0.1:56352
Begin MonoManager ReloadAssembly
Registering precompiled unity dll's ...
Register platform support module: D:/Unity Hub/2021.3.19f1/Editor/Data/PlaybackEngines/WindowsStandaloneSupport/UnityEditor.WindowsStandalone.Extensions.dll
Registered in 0.002864 seconds.
Native extension for WindowsStandalone target not found
Refreshing native plugins compatible for Editor in 83.24 ms, found 3 plugins.
Preloading 0 native plugins for Editor in 0.00 ms.
Mono: successfully reloaded assembly
- Completed reload, in  0.643 seconds
Domain Reload Profiling:
	ReloadAssembly (644ms)
		BeginReloadAssembly (89ms)
			ExecutionOrderSort (0ms)
			DisableScriptedObjects (0ms)
			BackupInstance (0ms)
			ReleaseScriptingObjects (0ms)
			CreateAndSetChildDomain (1ms)
		EndReloadAssembly (453ms)
			LoadAssemblies (89ms)
			RebuildTransferFunctionScriptingTraits (0ms)
			SetupTypeCache (103ms)
			ReleaseScriptCaches (0ms)
			RebuildScriptCaches (28ms)
			SetupLoadedEditorAssemblies (275ms)
				LogAssemblyErrors (0ms)
				InitializePlatformSupportModulesInManaged (7ms)
				SetLoadedEditorAssemblies (0ms)
				RefreshPlugins (83ms)
				BeforeProcessingInitializeOnLoad (1ms)
				ProcessInitializeOnLoadAttributes (139ms)
				ProcessInitializeOnLoadMethodAttributes (44ms)
				AfterProcessingInitializeOnLoad (0ms)
				EditorAssembliesLoaded (0ms)
			ExecutionOrderSort2 (0ms)
			AwakeInstancesAfterBackupRestoration (0ms)
Platform modules already initialized, skipping
Registering precompiled user dll's ...
Registered in 0.005151 seconds.
Begin MonoManager ReloadAssembly
Symbol file LoadedFromMemory doesn't match image D:\Szakdolgozat\Fox_Runner\Library\PackageCache\com.unity.visualscripting@1.8.0\Editor\VisualScripting.Core\Dependencies\YamlDotNet\Unity.VisualScripting.YamlDotNet.dll
Symbol file LoadedFromMemory doesn't match image D:\Szakdolgozat\Fox_Runner\Library\PackageCache\com.unity.visualscripting@1.8.0\Editor\VisualScripting.Core\Dependencies\DotNetZip\Unity.VisualScripting.IonicZip.dll
Native extension for WindowsStandalone target not found
Refreshing native plugins compatible for Editor in 0.55 ms, found 3 plugins.
Preloading 0 native plugins for Editor in 0.00 ms.
Mono: successfully reloaded assembly
- Completed reload, in  1.001 seconds
Domain Reload Profiling:
	ReloadAssembly (1002ms)
		BeginReloadAssembly (130ms)
			ExecutionOrderSort (0ms)
			DisableScriptedObjects (6ms)
			BackupInstance (0ms)
			ReleaseScriptingObjects (0ms)
			CreateAndSetChildDomain (19ms)
		EndReloadAssembly (759ms)
			LoadAssemblies (103ms)
			RebuildTransferFunctionScriptingTraits (0ms)
			SetupTypeCache (266ms)
			ReleaseScriptCaches (1ms)
			RebuildScriptCaches (48ms)
			SetupLoadedEditorAssemblies (332ms)
				LogAssemblyErrors (0ms)
				InitializePlatformSupportModulesInManaged (4ms)
				SetLoadedEditorAssemblies (0ms)
				RefreshPlugins (1ms)
				BeforeProcessingInitializeOnLoad (78ms)
				ProcessInitializeOnLoadAttributes (226ms)
				ProcessInitializeOnLoadMethodAttributes (19ms)
				AfterProcessingInitializeOnLoad (3ms)
				EditorAssembliesLoaded (0ms)
			ExecutionOrderSort2 (0ms)
			AwakeInstancesAfterBackupRestoration (6ms)
Platform modules already initialized, skipping
========================================================================
Worker process is ready to serve import requests
Launched and connected shader compiler UnityShaderCompiler.exe after 0.06 seconds
Refreshing native plugins compatible for Editor in 0.49 ms, found 3 plugins.
Preloading 0 native plugins for Editor in 0.00 ms.
Unloading 3079 Unused Serialized files (Serialized files now loaded: 0)
Unloading 24 unused Assets / (114.2 KB). Loaded Objects now: 3554.
Memory consumption went from 122.5 MB to 122.4 MB.
Total: 2.835000 ms (FindLiveObjects: 0.251400 ms CreateObjectMapping: 0.275200 ms MarkObjects: 2.195000 ms  DeleteObjects: 0.112300 ms)

AssetImportParameters requested are different than current active one (requested -> active):
  custom:video-decoder-ogg-theora: a1e56fd34408186e4bbccfd4996cb3dc -> 
  custom:container-muxer-webm: aa71ff27fc2769a1b78a27578f13a17b -> 
  custom:container-demuxer-webm: 4f35f7cbe854078d1ac9338744f61a02 -> 
  custom:video-encoder-webm-vp8: eb34c28f22e8b96e1ab97ce403110664 -> 
  custom:audio-encoder-webm-vorbis: bf7c407c2cedff20999df2af8eb42d56 -> 
  custom:framework-win-MediaFoundation: 216162199b28c13a410421893ffa2e32 -> 
  custom:container-demuxer-ogg: 62fdf1f143b41e24485cea50d1cbac27 -> 
  custom:video-decoder-webm-vp8: 9c59270c3fd7afecdb556c50c9e8de78 -> 
  custom:audio-decoder-ogg-vorbis: bf7c407c2cedff20999df2af8eb42d56 -> 
========================================================================
Received Import Request.
  Time since last request: 877048.087575 seconds.
  path: Assets/EmacEArt
  artifactKey: Guid(ee6eee94e8f9fc746a798855ff2a144f) Importer(815301076,1909f56bfc062723c751e8b465ee728b)
Start importing Assets/EmacEArt using Guid(ee6eee94e8f9fc746a798855ff2a144f) Importer(815301076,1909f56bfc062723c751e8b465ee728b)  -> (artifact id: '74a7924ec0d7dc50e7c1bbab7624bacf') in 0.010795 seconds 
========================================================================
Received Import Request.
  Time since last request: 2.608762 seconds.
  path: Assets/TextMesh Pro/Resources/Fonts & Materials/LiberationSans SDF - Drop Shadow.mat
  artifactKey: Guid(e73a58f6e2794ae7b1b7e50b7fb811b0) Importer(815301076,1909f56bfc062723c751e8b465ee728b)
Start importing Assets/TextMesh Pro/Resources/Fonts & Materials/LiberationSans SDF - Drop Shadow.mat using Guid(e73a58f6e2794ae7b1b7e50b7fb811b0) Importer(815301076,1909f56bfc062723c751e8b465ee728b)  -> (artifact id: '31fad08335b53c2413b68144c173d1ed') in 0.155012 seconds 
========================================================================
Received Import Request.
  Time since last request: 0.013427 seconds.
  path: Assets/TextMesh Pro/Shaders/TMP_SDF SSD.shader
  artifactKey: Guid(14eb328de4b8eb245bb7cea29e4ac00b) Importer(815301076,1909f56bfc062723c751e8b465ee728b)
Start importing Assets/TextMesh Pro/Shaders/TMP_SDF SSD.shader using Guid(14eb328de4b8eb245bb7cea29e4ac00b) Importer(815301076,1909f56bfc062723c751e8b465ee728b)  -> (artifact id: 'f722f86821b4b70e9f401575b176d4b2') in 0.010151 seconds 
========================================================================
Received Import Request.
  Time since last request: 0.004513 seconds.
  path: Assets/TextMesh Pro/Shaders/TMP_SDF.shader
  artifactKey: Guid(68e6db2ebdc24f95958faec2be5558d6) Importer(815301076,1909f56bfc062723c751e8b465ee728b)
Start importing Assets/TextMesh Pro/Shaders/TMP_SDF.shader using Guid(68e6db2ebdc24f95958faec2be5558d6) Importer(815301076,1909f56bfc062723c751e8b465ee728b)  -> (artifact id: 'c322de8c0f16298ed7bceb977d55c2e0') in 0.005406 seconds 
========================================================================
Received Import Request.
  Time since last request: 0.038509 seconds.
  path: Assets/TextMesh Pro/Shaders/TMPro_Surface.cginc
  artifactKey: Guid(d930090c0cd643c7b55f19a38538c162) Importer(815301076,1909f56bfc062723c751e8b465ee728b)
Start importing Assets/TextMesh Pro/Shaders/TMPro_Surface.cginc using Guid(d930090c0cd643c7b55f19a38538c162) Importer(815301076,1909f56bfc062723c751e8b465ee728b)  -> (artifact id: '7b115a6d707a6d062181fb1f47f2d772') in 0.007299 seconds 
========================================================================
Received Import Request.
  Time since last request: 0.005976 seconds.
  path: Assets/TextMesh Pro/Shaders
  artifactKey: Guid(e9f693669af91aa45ad615fc681ed29f) Importer(815301076,1909f56bfc062723c751e8b465ee728b)
Start importing Assets/TextMesh Pro/Shaders using Guid(e9f693669af91aa45ad615fc681ed29f) Importer(815301076,1909f56bfc062723c751e8b465ee728b)  -> (artifact id: '0c1ee854f4c9db2f287c0defc2b21702') in 0.005236 seconds 
========================================================================
Received Import Request.
  Time since last request: 0.038165 seconds.
  path: Assets/ObstacleCoursePack/Controller/Player.prefab
  artifactKey: Guid(3fb1944a0736e244fb424157a709c29c) Importer(815301076,1909f56bfc062723c751e8b465ee728b)
Start importing Assets/ObstacleCoursePack/Controller/Player.prefab using Guid(3fb1944a0736e244fb424157a709c29c) Importer(815301076,1909f56bfc062723c751e8b465ee728b)  -> (artifact id: '63eb76c0635641459ce08984358dd1e8') in 0.052030 seconds 
========================================================================
Received Import Request.
  Time since last request: 0.035910 seconds.
  path: Assets/TextMesh Pro/Shaders/TMP_Bitmap.shader
  artifactKey: Guid(128e987d567d4e2c824d754223b3f3b0) Importer(815301076,1909f56bfc062723c751e8b465ee728b)
Start importing Assets/TextMesh Pro/Shaders/TMP_Bitmap.shader using Guid(128e987d567d4e2c824d754223b3f3b0) Importer(815301076,1909f56bfc062723c751e8b465ee728b)  -> (artifact id: '04531a484fb4ed5666669977caaa25a7') in 0.005628 seconds 
========================================================================
Received Import Request.
  Time since last request: 0.021770 seconds.
  path: Assets/EmacEArt/PlasticineWorld/Textures
  artifactKey: Guid(265f34b27c21a4c439c17ff5f0baefab) Importer(815301076,1909f56bfc062723c751e8b465ee728b)
Start importing Assets/EmacEArt/PlasticineWorld/Textures using Guid(265f34b27c21a4c439c17ff5f0baefab) Importer(815301076,1909f56bfc062723c751e8b465ee728b)  -> (artifact id: 'd5fc4c25fc5708ef084336c1d53df3af') in 0.005421 seconds 
========================================================================
Received Import Request.
  Time since last request: 0.009138 seconds.
  path: Assets/TextMesh Pro/Shaders/TMP_SDF-Mobile SSD.shader
  artifactKey: Guid(c8d12adcee749c344b8117cf7c7eb912) Importer(815301076,1909f56bfc062723c751e8b465ee728b)
Start importing Assets/TextMesh Pro/Shaders/TMP_SDF-Mobile SSD.shader using Guid(c8d12adcee749c344b8117cf7c7eb912) Importer(815301076,1909f56bfc062723c751e8b465ee728b)  -> (artifact id: 'ef835ffc2efaaf787d2c0b1720129232') in 0.005485 seconds 
========================================================================
Received Import Request.
  Time since last request: 0.023485 seconds.
  path: Assets/TextMesh Pro/Resources/LineBreaking Following Characters.txt
  artifactKey: Guid(fade42e8bc714b018fac513c043d323b) Importer(815301076,1909f56bfc062723c751e8b465ee728b)
Start importing Assets/TextMesh Pro/Resources/LineBreaking Following Characters.txt using Guid(fade42e8bc714b018fac513c043d323b) Importer(815301076,1909f56bfc062723c751e8b465ee728b)  -> (artifact id: 'e82cddbe57bfb1e899a2ea372027705b') in 0.016931 seconds 
========================================================================
Received Import Request.
  Time since last request: 0.003215 seconds.
  path: Assets/Scenes/ThirdMap.unity
  artifactKey: Guid(5a6c39dfd735e36459d1e15ecc98e22f) Importer(815301076,1909f56bfc062723c751e8b465ee728b)
Start importing Assets/Scenes/ThirdMap.unity using Guid(5a6c39dfd735e36459d1e15ecc98e22f) Importer(815301076,1909f56bfc062723c751e8b465ee728b)  -> (artifact id: '290a448d9478f16f9491362357fc1da6') in 0.005216 seconds 
========================================================================
Received Import Request.
  Time since last request: 0.001264 seconds.
  path: Assets/TextMesh Pro/Fonts
  artifactKey: Guid(6ab70aee4d56447429c680537fbf93ed) Importer(815301076,1909f56bfc062723c751e8b465ee728b)
Start importing Assets/TextMesh Pro/Fonts using Guid(6ab70aee4d56447429c680537fbf93ed) Importer(815301076,1909f56bfc062723c751e8b465ee728b)  -> (artifact id: '8cbcf11b9c0db8e93a500315a7744f16') in 0.004935 seconds 
========================================================================
Received Import Request.
  Time since last request: 0.003588 seconds.
  path: Assets/TextMesh Pro/Sprites/EmojiOne.json
  artifactKey: Guid(8f05276190cf498a8153f6cbe761d4e6) Importer(815301076,1909f56bfc062723c751e8b465ee728b)
Start importing Assets/TextMesh Pro/Sprites/EmojiOne.json using Guid(8f05276190cf498a8153f6cbe761d4e6) Importer(815301076,1909f56bfc062723c751e8b465ee728b)  -> (artifact id: '58654160f8b73ca6950cfe888157810b') in 0.017030 seconds 
========================================================================
Received Import Request.
  Time since last request: 0.006977 seconds.
  path: Assets/TextMesh Pro/Resources/Fonts & Materials
  artifactKey: Guid(731f1baa9d144a9897cb1d341c2092b8) Importer(815301076,1909f56bfc062723c751e8b465ee728b)
Start importing Assets/TextMesh Pro/Resources/Fonts & Materials using Guid(731f1baa9d144a9897cb1d341c2092b8) Importer(815301076,1909f56bfc062723c751e8b465ee728b)  -> (artifact id: 'b042ea9342910fd25220fe1c7d049750') in 0.004885 seconds 
========================================================================
Received Import Request.
  Time since last request: 0.014773 seconds.
  path: Assets/TextMesh Pro
  artifactKey: Guid(f54d1bd14bd3ca042bd867b519fee8cc) Importer(815301076,1909f56bfc062723c751e8b465ee728b)
Start importing Assets/TextMesh Pro using Guid(f54d1bd14bd3ca042bd867b519fee8cc) Importer(815301076,1909f56bfc062723c751e8b465ee728b)  -> (artifact id: '6d457b26d2bc8024e58729449d46e968') in 0.005079 seconds 
========================================================================
Received Import Request.
  Time since last request: 0.021731 seconds.
  path: Assets/ObstacleCoursePack/Scripts/CharacterControls.cs
  artifactKey: Guid(8eae64db582b14544b6dffe686b12fb6) Importer(815301076,1909f56bfc062723c751e8b465ee728b)
Start importing Assets/ObstacleCoursePack/Scripts/CharacterControls.cs using Guid(8eae64db582b14544b6dffe686b12fb6) Importer(815301076,1909f56bfc062723c751e8b465ee728b)  -> (artifact id: 'b5e3a1e81f55b74c48a7249e2e3f2603') in 0.478850 seconds 
========================================================================
Received Import Request.
  Time since last request: 0.001165 seconds.
  path: Assets/EmacEArt/PlasticineWorld/Materials
  artifactKey: Guid(28fb8d71be2f8164c822ec859ab2f59d) Importer(815301076,1909f56bfc062723c751e8b465ee728b)
Start importing Assets/EmacEArt/PlasticineWorld/Materials using Guid(28fb8d71be2f8164c822ec859ab2f59d) Importer(815301076,1909f56bfc062723c751e8b465ee728b)  -> (artifact id: '3a324dac357e651fcea260a213e941bd') in 0.004926 seconds 
========================================================================
Received Import Request.
  Time since last request: 0.001237 seconds.
  path: Assets/FBX
  artifactKey: Guid(6800c115cb66c3746960498301cc6a13) Importer(815301076,1909f56bfc062723c751e8b465ee728b)
Start importing Assets/FBX using Guid(6800c115cb66c3746960498301cc6a13) Importer(815301076,1909f56bfc062723c751e8b465ee728b)  -> (artifact id: 'd6120526205ca460d799fd74299630d2') in 0.005002 seconds 
========================================================================
Received Import Request.
  Time since last request: 0.004202 seconds.
  path: Assets/TextMesh Pro/Shaders/TMP_SDF-Surface-Mobile.shader
  artifactKey: Guid(85187c2149c549c5b33f0cdb02836b17) Importer(815301076,1909f56bfc062723c751e8b465ee728b)
Start importing Assets/TextMesh Pro/Shaders/TMP_SDF-Surface-Mobile.shader using Guid(85187c2149c549c5b33f0cdb02836b17) Importer(815301076,1909f56bfc062723c751e8b465ee728b)  -> (artifact id: '116849bd1513c5958a35311556fffa81') in 0.005573 seconds 
========================================================================
Received Import Request.
  Time since last request: 0.004530 seconds.
  path: Assets/TextMesh Pro/Shaders/TMP_Bitmap-Custom-Atlas.shader
  artifactKey: Guid(48bb5f55d8670e349b6e614913f9d910) Importer(815301076,1909f56bfc062723c751e8b465ee728b)
Start importing Assets/TextMesh Pro/Shaders/TMP_Bitmap-Custom-Atlas.shader using Guid(48bb5f55d8670e349b6e614913f9d910) Importer(815301076,1909f56bfc062723c751e8b465ee728b)  -> (artifact id: '5552d59c0d82ba32fdb9741c6c8da251') in 0.005899 seconds 
========================================================================
Received Import Request.
  Time since last request: 0.045578 seconds.
  path: Assets/TextMesh Pro/Resources/Style Sheets/Default Style Sheet.asset
  artifactKey: Guid(f952c082cb03451daed3ee968ac6c63e) Importer(815301076,1909f56bfc062723c751e8b465ee728b)
Start importing Assets/TextMesh Pro/Resources/Style Sheets/Default Style Sheet.asset using Guid(f952c082cb03451daed3ee968ac6c63e) Importer(815301076,1909f56bfc062723c751e8b465ee728b)  -> (artifact id: '1b24171538fb9a08cfb6b64c6d3ba0ce') in 0.007566 seconds 
========================================================================
Received Import Request.
  Time since last request: 0.006289 seconds.
  path: Assets/TextMesh Pro/Documentation
  artifactKey: Guid(8e7e8f5a82a3a134e91c54efd2274ea9) Importer(815301076,1909f56bfc062723c751e8b465ee728b)
Start importing Assets/TextMesh Pro/Documentation using Guid(8e7e8f5a82a3a134e91c54efd2274ea9) Importer(815301076,1909f56bfc062723c751e8b465ee728b)  -> (artifact id: '365e95d1c1490fa81b8510ec77c394a2') in 0.005805 seconds 
========================================================================
Received Import Request.
  Time since last request: 0.004074 seconds.
  path: Assets/TextMesh Pro/Shaders/TMPro.cginc
  artifactKey: Guid(407bc68d299748449bbf7f48ee690f8d) Importer(815301076,1909f56bfc062723c751e8b465ee728b)
Start importing Assets/TextMesh Pro/Shaders/TMPro.cginc using Guid(407bc68d299748449bbf7f48ee690f8d) Importer(815301076,1909f56bfc062723c751e8b465ee728b)  -> (artifact id: '7395dd04a5e9f7329f6d00895a1b3f59') in 0.005635 seconds 
========================================================================
Received Import Request.
  Time since last request: 0.001477 seconds.
  path: Assets/EmacEArt/PlasticineWorld/Materials/8K
  artifactKey: Guid(f4d2101f8e706df4a998809a81d08f12) Importer(815301076,1909f56bfc062723c751e8b465ee728b)
Start importing Assets/EmacEArt/PlasticineWorld/Materials/8K using Guid(f4d2101f8e706df4a998809a81d08f12) Importer(815301076,1909f56bfc062723c751e8b465ee728b)  -> (artifact id: '47f0a298d32527521f6acae627fe3ff9') in 0.004965 seconds 
========================================================================
Received Import Request.
  Time since last request: 0.016025 seconds.
  path: Assets/TextMesh Pro/Fonts/LiberationSans - OFL.txt
  artifactKey: Guid(6e59c59b81ab47f9b6ec5781fa725d2c) Importer(815301076,1909f56bfc062723c751e8b465ee728b)
Start importing Assets/TextMesh Pro/Fonts/LiberationSans - OFL.txt using Guid(6e59c59b81ab47f9b6ec5781fa725d2c) Importer(815301076,1909f56bfc062723c751e8b465ee728b)  -> (artifact id: '13db1da3306c160a644b842a75a1ce82') in 0.005856 seconds 
========================================================================
Received Import Request.
  Time since last request: 0.002232 seconds.
  path: Assets/TextMesh Pro/Resources/Style Sheets
  artifactKey: Guid(4aecb92fff08436c8303b10eab8da368) Importer(815301076,1909f56bfc062723c751e8b465ee728b)
Start importing Assets/TextMesh Pro/Resources/Style Sheets using Guid(4aecb92fff08436c8303b10eab8da368) Importer(815301076,1909f56bfc062723c751e8b465ee728b)  -> (artifact id: 'cf20bd900e9bdd906929e2e52eacf514') in 0.005583 seconds 
========================================================================
Received Import Request.
  Time since last request: 0.011300 seconds.
  path: Assets/TextMesh Pro/Resources/Sprite Assets/EmojiOne.asset
  artifactKey: Guid(c41005c129ba4d66911b75229fd70b45) Importer(815301076,1909f56bfc062723c751e8b465ee728b)
Start importing Assets/TextMesh Pro/Resources/Sprite Assets/EmojiOne.asset using Guid(c41005c129ba4d66911b75229fd70b45) Importer(815301076,1909f56bfc062723c751e8b465ee728b)  -> (artifact id: 'f0414faea1c6f1344a6dae4d382a2a07') in 0.005563 seconds 
========================================================================
Received Import Request.
  Time since last request: 0.004846 seconds.
  path: Assets/TextMesh Pro/Shaders/TMP_SDF-Mobile Masking.shader
  artifactKey: Guid(bc1ede39bf3643ee8e493720e4259791) Importer(815301076,1909f56bfc062723c751e8b465ee728b)
Start importing Assets/TextMesh Pro/Shaders/TMP_SDF-Mobile Masking.shader using Guid(bc1ede39bf3643ee8e493720e4259791) Importer(815301076,1909f56bfc062723c751e8b465ee728b)  -> (artifact id: 'e0364855a6c8caaaf05c505c7bba0d3b') in 0.005489 seconds 
========================================================================
Received Import Request.
  Time since last request: 0.010100 seconds.
  path: Assets/EmacEArt/PlasticineWorld
  artifactKey: Guid(57b9b1d36ecf03b4c9d3ab716d750970) Importer(815301076,1909f56bfc062723c751e8b465ee728b)
Start importing Assets/EmacEArt/PlasticineWorld using Guid(57b9b1d36ecf03b4c9d3ab716d750970) Importer(815301076,1909f56bfc062723c751e8b465ee728b)  -> (artifact id: 'c2377508f21a2324c095f9777ca69df7') in 0.005932 seconds 
========================================================================
Received Import Request.
  Time since last request: 0.003896 seconds.
  path: Assets/TextMesh Pro/Shaders/TMP_Sprite.shader
  artifactKey: Guid(cf81c85f95fe47e1a27f6ae460cf182c) Importer(815301076,1909f56bfc062723c751e8b465ee728b)
Start importing Assets/TextMesh Pro/Shaders/TMP_Sprite.shader using Guid(cf81c85f95fe47e1a27f6ae460cf182c) Importer(815301076,1909f56bfc062723c751e8b465ee728b)  -> (artifact id: '1a562880e8c889c9e4b565fd4bf6b67d') in 0.005347 seconds 
========================================================================
Received Import Request.
  Time since last request: 0.003399 seconds.
  path: Assets/TextMesh Pro/Sprites/EmojiOne Attribution.txt
  artifactKey: Guid(381dcb09d5029d14897e55f98031fca5) Importer(815301076,1909f56bfc062723c751e8b465ee728b)
Start importing Assets/TextMesh Pro/Sprites/EmojiOne Attribution.txt using Guid(381dcb09d5029d14897e55f98031fca5) Importer(815301076,1909f56bfc062723c751e8b465ee728b)  -> (artifact id: 'b698f8dd9df4a1cf4c45413d86c65247') in 0.005656 seconds 
========================================================================
Received Import Request.
  Time since last request: 0.004325 seconds.
  path: Assets/TextMesh Pro/Shaders/TMPro_Mobile.cginc
  artifactKey: Guid(c334973cef89a9840b0b0c507e0377ab) Importer(815301076,1909f56bfc062723c751e8b465ee728b)
Start importing Assets/TextMesh Pro/Shaders/TMPro_Mobile.cginc using Guid(c334973cef89a9840b0b0c507e0377ab) Importer(815301076,1909f56bfc062723c751e8b465ee728b)  -> (artifact id: '1999694fbd3e051111afe8363ffdff0a') in 0.005625 seconds 
========================================================================
Received Import Request.
  Time since last request: 0.045181 seconds.
  path: Assets/TextMesh Pro/Shaders/TMP_SDF-Surface.shader
  artifactKey: Guid(f7ada0af4f174f0694ca6a487b8f543d) Importer(815301076,1909f56bfc062723c751e8b465ee728b)
Start importing Assets/TextMesh Pro/Shaders/TMP_SDF-Surface.shader using Guid(f7ada0af4f174f0694ca6a487b8f543d) Importer(815301076,1909f56bfc062723c751e8b465ee728b)  -> (artifact id: '0e8b64da38ab2f153e44eb43ff8e1e03') in 0.005412 seconds 
========================================================================
Received Import Request.
  Time since last request: 0.003198 seconds.
  path: Assets/TextMesh Pro/Resources/Fonts & Materials/LiberationSans SDF - Outline.mat
  artifactKey: Guid(79459efec17a4d00a321bdcc27bbc385) Importer(815301076,1909f56bfc062723c751e8b465ee728b)
Start importing Assets/TextMesh Pro/Resources/Fonts & Materials/LiberationSans SDF - Outline.mat using Guid(79459efec17a4d00a321bdcc27bbc385) Importer(815301076,1909f56bfc062723c751e8b465ee728b)  -> (artifact id: '0e44490a395f5e2c283d3f82b93241d0') in 0.067772 seconds 
========================================================================
Received Import Request.
  Time since last request: 0.002461 seconds.
  path: Assets/TextMesh Pro/Resources/Sprite Assets
  artifactKey: Guid(512a49d95c0c4332bdd98131869c23c9) Importer(815301076,1909f56bfc062723c751e8b465ee728b)
Start importing Assets/TextMesh Pro/Resources/Sprite Assets using Guid(512a49d95c0c4332bdd98131869c23c9) Importer(815301076,1909f56bfc062723c751e8b465ee728b)  -> (artifact id: 'eedc54ab4552c2c27e1023269b03a856') in 0.007046 seconds 
========================================================================
Received Import Request.
  Time since last request: 0.039721 seconds.
  path: Assets/TextMesh Pro/Shaders/TMP_SDF Overlay.shader
  artifactKey: Guid(dd89cf5b9246416f84610a006f916af7) Importer(815301076,1909f56bfc062723c751e8b465ee728b)
Start importing Assets/TextMesh Pro/Shaders/TMP_SDF Overlay.shader using Guid(dd89cf5b9246416f84610a006f916af7) Importer(815301076,1909f56bfc062723c751e8b465ee728b)  -> (artifact id: '267add4da9f16861c388c3b55cdaf7f7') in 0.006300 seconds 
========================================================================
Received Import Request.
  Time since last request: 0.004643 seconds.
  path: Assets/TextMesh Pro/Sprites/EmojiOne.png
  artifactKey: Guid(dffef66376be4fa480fb02b19edbe903) Importer(815301076,1909f56bfc062723c751e8b465ee728b)
Start importing Assets/TextMesh Pro/Sprites/EmojiOne.png using Guid(dffef66376be4fa480fb02b19edbe903) Importer(815301076,1909f56bfc062723c751e8b465ee728b)  -> (artifact id: '4d91d84210a74c0de24bd962db492bee') in 0.046180 seconds 
========================================================================
Received Import Request.
  Time since last request: 0.004021 seconds.
  path: Assets/EmacEArt/PlasticineWorld/Materials/8K/Plasticine_08_8k_Big.mat
  artifactKey: Guid(2afe9b66eabe40b4aa4126880e65df61) Importer(815301076,1909f56bfc062723c751e8b465ee728b)
Start importing Assets/EmacEArt/PlasticineWorld/Materials/8K/Plasticine_08_8k_Big.mat using Guid(2afe9b66eabe40b4aa4126880e65df61) Importer(815301076,1909f56bfc062723c751e8b465ee728b)  -> (artifact id: 'fd2d043c9256c5f84a9abd9c24f6d445') in 0.304778 seconds 
========================================================================
Received Import Request.
  Time since last request: 0.019876 seconds.
  path: Assets/ObstacleCoursePack
  artifactKey: Guid(dcfc4806ddf2dd746bab18bfd8c1f589) Importer(815301076,1909f56bfc062723c751e8b465ee728b)
Start importing Assets/ObstacleCoursePack using Guid(dcfc4806ddf2dd746bab18bfd8c1f589) Importer(815301076,1909f56bfc062723c751e8b465ee728b)  -> (artifact id: '8532dda8e8f97245d7bb184f915fbe19') in 0.005069 seconds 
========================================================================
Received Import Request.
  Time since last request: 0.007943 seconds.
  path: Assets/Scenes/SecondMap.unity
  artifactKey: Guid(2a740f5e0fced8f4f8d80e219e2f7c08) Importer(815301076,1909f56bfc062723c751e8b465ee728b)
Start importing Assets/Scenes/SecondMap.unity using Guid(2a740f5e0fced8f4f8d80e219e2f7c08) Importer(815301076,1909f56bfc062723c751e8b465ee728b)  -> (artifact id: 'd66405c93d4d6bc6063763c0f5cf3fb3') in 0.001978 seconds 
========================================================================
Received Import Request.
  Time since last request: 0.001242 seconds.
  path: Assets/EmacEArt/PlasticineWorld/Textures/8k
  artifactKey: Guid(6deb34bda154e5a49b37fe644c901445) Importer(815301076,1909f56bfc062723c751e8b465ee728b)
Start importing Assets/EmacEArt/PlasticineWorld/Textures/8k using Guid(6deb34bda154e5a49b37fe644c901445) Importer(815301076,1909f56bfc062723c751e8b465ee728b)  -> (artifact id: 'b9ede734abf0a4736a80ef4fec39baf1') in 0.004974 seconds 
========================================================================
Received Import Request.
  Time since last request: 0.006003 seconds.
  path: Assets/TextMesh Pro/Resources/TMP Settings.asset
  artifactKey: Guid(3f5b5dff67a942289a9defa416b206f3) Importer(815301076,1909f56bfc062723c751e8b465ee728b)
Start importing Assets/TextMesh Pro/Resources/TMP Settings.asset using Guid(3f5b5dff67a942289a9defa416b206f3) Importer(815301076,1909f56bfc062723c751e8b465ee728b)  -> (artifact id: '2eb606ad70dabfa70adaa1be5ff45163') in 0.039742 seconds 
========================================================================
Received Import Request.
  Time since last request: 0.009691 seconds.
  path: Assets/TextMesh Pro/Sprites
  artifactKey: Guid(d0603b6d5186471b96c778c3949c7ce2) Importer(815301076,1909f56bfc062723c751e8b465ee728b)
Start importing Assets/TextMesh Pro/Sprites using Guid(d0603b6d5186471b96c778c3949c7ce2) Importer(815301076,1909f56bfc062723c751e8b465ee728b)  -> (artifact id: '4422417d3661f4c22446971b0764e282') in 0.005156 seconds 
========================================================================
Received Import Request.
  Time since last request: 0.003074 seconds.
  path: Assets/ObstacleCoursePack/Scripts/MainMenu.cs
  artifactKey: Guid(3f4de00ac7550fc4c8de5bd68932dbf9) Importer(815301076,1909f56bfc062723c751e8b465ee728b)
Start importing Assets/ObstacleCoursePack/Scripts/MainMenu.cs using Guid(3f4de00ac7550fc4c8de5bd68932dbf9) Importer(815301076,1909f56bfc062723c751e8b465ee728b)  -> (artifact id: '93155e1c8f1972fcb98f3d60451c469c') in 0.005565 seconds 
========================================================================
Received Import Request.
  Time since last request: 0.015539 seconds.
  path: Assets/TextMesh Pro/Documentation/TextMesh Pro User Guide 2016.pdf
  artifactKey: Guid(1b8d251f9af63b746bf2f7ffe00ebb9b) Importer(815301076,1909f56bfc062723c751e8b465ee728b)
Start importing Assets/TextMesh Pro/Documentation/TextMesh Pro User Guide 2016.pdf using Guid(1b8d251f9af63b746bf2f7ffe00ebb9b) Importer(815301076,1909f56bfc062723c751e8b465ee728b)  -> (artifact id: '296ae03d07c1080f3377163c86976f99') in 0.010290 seconds 
========================================================================
Received Import Request.
  Time since last request: 0.020920 seconds.
  path: Assets/TextMesh Pro/Shaders/TMP_Bitmap-Mobile.shader
  artifactKey: Guid(1e3b057af24249748ff873be7fafee47) Importer(815301076,1909f56bfc062723c751e8b465ee728b)
Start importing Assets/TextMesh Pro/Shaders/TMP_Bitmap-Mobile.shader using Guid(1e3b057af24249748ff873be7fafee47) Importer(815301076,1909f56bfc062723c751e8b465ee728b)  -> (artifact id: '9b32ca95fcd0addf7b16e711132b3500') in 0.005881 seconds 
========================================================================
Received Import Request.
  Time since last request: 0.003678 seconds.
  path: Assets/TextMesh Pro/Shaders/TMP_SDF-Mobile Overlay.shader
  artifactKey: Guid(a02a7d8c237544f1962732b55a9aebf1) Importer(815301076,1909f56bfc062723c751e8b465ee728b)
Start importing Assets/TextMesh Pro/Shaders/TMP_SDF-Mobile Overlay.shader using Guid(a02a7d8c237544f1962732b55a9aebf1) Importer(815301076,1909f56bfc062723c751e8b465ee728b)  -> (artifact id: 'c33b6251a7096ce58ad69b512366d54d') in 0.005714 seconds 
========================================================================
Received Import Request.
  Time since last request: 0.015873 seconds.
  path: Assets/TextMesh Pro/Resources
  artifactKey: Guid(243e06394e614e5d99fab26083b707fa) Importer(815301076,1909f56bfc062723c751e8b465ee728b)
Start importing Assets/TextMesh Pro/Resources using Guid(243e06394e614e5d99fab26083b707fa) Importer(815301076,1909f56bfc062723c751e8b465ee728b)  -> (artifact id: '4b25fcc2b6957111a9e254e1bce62b86') in 0.005863 seconds 
========================================================================
Received Import Request.
  Time since last request: 0.003516 seconds.
  path: Assets/TextMesh Pro/Resources/LineBreaking Leading Characters.txt
  artifactKey: Guid(d82c1b31c7e74239bff1220585707d2b) Importer(815301076,1909f56bfc062723c751e8b465ee728b)
Start importing Assets/TextMesh Pro/Resources/LineBreaking Leading Characters.txt using Guid(d82c1b31c7e74239bff1220585707d2b) Importer(815301076,1909f56bfc062723c751e8b465ee728b)  -> (artifact id: '6fcff0a56fba55183475b0dfcde806f2') in 0.005773 seconds 
========================================================================
Received Prepare
Refreshing native plugins compatible for Editor in 5.08 ms, found 3 plugins.
Preloading 0 native plugins for Editor in 0.00 ms.
Unloading 17 Unused Serialized files (Serialized files now loaded: 0)
Unloading 17 unused Assets / (78.2 KB). Loaded Objects now: 3600.
Memory consumption went from 78.9 MB to 78.8 MB.
Total: 2.726700 ms (FindLiveObjects: 0.256300 ms CreateObjectMapping: 0.186000 ms MarkObjects: 2.210300 ms  DeleteObjects: 0.073300 ms)

AssetImportParameters requested are different than current active one (requested -> active):
  custom:video-decoder-ogg-theora: a1e56fd34408186e4bbccfd4996cb3dc -> 
  custom:container-muxer-webm: aa71ff27fc2769a1b78a27578f13a17b -> 
  custom:container-demuxer-webm: 4f35f7cbe854078d1ac9338744f61a02 -> 
  custom:video-encoder-webm-vp8: eb34c28f22e8b96e1ab97ce403110664 -> 
  custom:audio-encoder-webm-vorbis: bf7c407c2cedff20999df2af8eb42d56 -> 
  custom:framework-win-MediaFoundation: 216162199b28c13a410421893ffa2e32 -> 
  custom:container-demuxer-ogg: 62fdf1f143b41e24485cea50d1cbac27 -> 
  custom:video-decoder-webm-vp8: 9c59270c3fd7afecdb556c50c9e8de78 -> 
  custom:audio-decoder-ogg-vorbis: bf7c407c2cedff20999df2af8eb42d56 -> 
